0 info it worked if it ends with ok
1 verbose cli [ '/usr/local/Cellar/node/0.10.7/bin/node',
1 verbose cli   '/usr/local/bin/npm',
1 verbose cli   'publish' ]
2 info using npm@1.2.21
3 info using node@v0.10.7
4 verbose publish [ '.' ]
5 verbose read json /Users/alexlawrence/Public/projects/feature-toggles/package.json
6 verbose cache add [ '.', null ]
7 verbose cache add name=undefined spec="." args=[".",null]
8 verbose parsed url { protocol: null,
8 verbose parsed url   slashes: null,
8 verbose parsed url   auth: null,
8 verbose parsed url   host: null,
8 verbose parsed url   port: null,
8 verbose parsed url   hostname: null,
8 verbose parsed url   hash: null,
8 verbose parsed url   search: null,
8 verbose parsed url   query: null,
8 verbose parsed url   pathname: '.',
8 verbose parsed url   path: '.',
8 verbose parsed url   href: '.' }
9 silly lockFile 3a52ce78- .
10 verbose lock . /Users/alexlawrence/.npm/3a52ce78-.lock
11 verbose read json package.json
12 verbose tar pack [ '/var/folders/5g/3q_h5c4567sdzck6ftcjk4yr0000gn/T/npm-3270/1389527288746-0.08829528209753335/tmp.tgz',
12 verbose tar pack   '.' ]
13 verbose tarball /var/folders/5g/3q_h5c4567sdzck6ftcjk4yr0000gn/T/npm-3270/1389527288746-0.08829528209753335/tmp.tgz
14 verbose folder .
15 info prepublish feature-toggles@1.1.0
16 silly lockFile 3a52ce78- .
17 verbose lock . /Users/alexlawrence/.npm/3a52ce78-.lock
18 silly lockFile 7ea34167-8746-0-08829528209753335-tmp-tgz /var/folders/5g/3q_h5c4567sdzck6ftcjk4yr0000gn/T/npm-3270/1389527288746-0.08829528209753335/tmp.tgz
19 verbose lock /var/folders/5g/3q_h5c4567sdzck6ftcjk4yr0000gn/T/npm-3270/1389527288746-0.08829528209753335/tmp.tgz /Users/alexlawrence/.npm/7ea34167-8746-0-08829528209753335-tmp-tgz.lock
20 silly lockFile 3a52ce78- .
21 silly lockFile 3a52ce78- .
22 silly lockFile 7ea34167-8746-0-08829528209753335-tmp-tgz /var/folders/5g/3q_h5c4567sdzck6ftcjk4yr0000gn/T/npm-3270/1389527288746-0.08829528209753335/tmp.tgz
23 silly lockFile 7ea34167-8746-0-08829528209753335-tmp-tgz /var/folders/5g/3q_h5c4567sdzck6ftcjk4yr0000gn/T/npm-3270/1389527288746-0.08829528209753335/tmp.tgz
24 verbose tar unpack /var/folders/5g/3q_h5c4567sdzck6ftcjk4yr0000gn/T/npm-3270/1389527288746-0.08829528209753335/tmp.tgz
25 silly lockFile 18aba630-8746-0-08829528209753335-package /var/folders/5g/3q_h5c4567sdzck6ftcjk4yr0000gn/T/npm-3270/1389527288746-0.08829528209753335/package
26 verbose lock /var/folders/5g/3q_h5c4567sdzck6ftcjk4yr0000gn/T/npm-3270/1389527288746-0.08829528209753335/package /Users/alexlawrence/.npm/18aba630-8746-0-08829528209753335-package.lock
27 silly lockFile 7ea34167-8746-0-08829528209753335-tmp-tgz /var/folders/5g/3q_h5c4567sdzck6ftcjk4yr0000gn/T/npm-3270/1389527288746-0.08829528209753335/tmp.tgz
28 verbose lock /var/folders/5g/3q_h5c4567sdzck6ftcjk4yr0000gn/T/npm-3270/1389527288746-0.08829528209753335/tmp.tgz /Users/alexlawrence/.npm/7ea34167-8746-0-08829528209753335-tmp-tgz.lock
29 silly gunzTarPerm modes [ '755', '644' ]
30 silly gunzTarPerm extractEntry package.json
31 silly gunzTarPerm extractEntry .npmignore
32 silly gunzTarPerm extractEntry README.md
33 silly gunzTarPerm extractEntry Gruntfile.js
34 silly gunzTarPerm extractEntry index.js
35 silly gunzTarPerm extractEntry index.spec.js
36 verbose read json /var/folders/5g/3q_h5c4567sdzck6ftcjk4yr0000gn/T/npm-3270/1389527288746-0.08829528209753335/package/package.json
37 silly lockFile 18aba630-8746-0-08829528209753335-package /var/folders/5g/3q_h5c4567sdzck6ftcjk4yr0000gn/T/npm-3270/1389527288746-0.08829528209753335/package
38 silly lockFile 18aba630-8746-0-08829528209753335-package /var/folders/5g/3q_h5c4567sdzck6ftcjk4yr0000gn/T/npm-3270/1389527288746-0.08829528209753335/package
39 silly lockFile 7ea34167-8746-0-08829528209753335-tmp-tgz /var/folders/5g/3q_h5c4567sdzck6ftcjk4yr0000gn/T/npm-3270/1389527288746-0.08829528209753335/tmp.tgz
40 silly lockFile 7ea34167-8746-0-08829528209753335-tmp-tgz /var/folders/5g/3q_h5c4567sdzck6ftcjk4yr0000gn/T/npm-3270/1389527288746-0.08829528209753335/tmp.tgz
41 verbose from cache /var/folders/5g/3q_h5c4567sdzck6ftcjk4yr0000gn/T/npm-3270/1389527288746-0.08829528209753335/package/package.json
42 verbose tar pack [ '/Users/alexlawrence/.npm/feature-toggles/1.1.0/package.tgz',
42 verbose tar pack   '/var/folders/5g/3q_h5c4567sdzck6ftcjk4yr0000gn/T/npm-3270/1389527288746-0.08829528209753335/package' ]
43 verbose tarball /Users/alexlawrence/.npm/feature-toggles/1.1.0/package.tgz
44 verbose folder /var/folders/5g/3q_h5c4567sdzck6ftcjk4yr0000gn/T/npm-3270/1389527288746-0.08829528209753335/package
45 silly lockFile 18aba630-8746-0-08829528209753335-package /var/folders/5g/3q_h5c4567sdzck6ftcjk4yr0000gn/T/npm-3270/1389527288746-0.08829528209753335/package
46 verbose lock /var/folders/5g/3q_h5c4567sdzck6ftcjk4yr0000gn/T/npm-3270/1389527288746-0.08829528209753335/package /Users/alexlawrence/.npm/18aba630-8746-0-08829528209753335-package.lock
47 silly lockFile c9792b74-eature-toggles-1-1-0-package-tgz /Users/alexlawrence/.npm/feature-toggles/1.1.0/package.tgz
48 verbose lock /Users/alexlawrence/.npm/feature-toggles/1.1.0/package.tgz /Users/alexlawrence/.npm/c9792b74-eature-toggles-1-1-0-package-tgz.lock
49 silly lockFile 18aba630-8746-0-08829528209753335-package /var/folders/5g/3q_h5c4567sdzck6ftcjk4yr0000gn/T/npm-3270/1389527288746-0.08829528209753335/package
50 silly lockFile 18aba630-8746-0-08829528209753335-package /var/folders/5g/3q_h5c4567sdzck6ftcjk4yr0000gn/T/npm-3270/1389527288746-0.08829528209753335/package
51 silly lockFile c9792b74-eature-toggles-1-1-0-package-tgz /Users/alexlawrence/.npm/feature-toggles/1.1.0/package.tgz
52 silly lockFile c9792b74-eature-toggles-1-1-0-package-tgz /Users/alexlawrence/.npm/feature-toggles/1.1.0/package.tgz
53 silly lockFile f5a2b387-pm-feature-toggles-1-1-0-package /Users/alexlawrence/.npm/feature-toggles/1.1.0/package
54 verbose lock /Users/alexlawrence/.npm/feature-toggles/1.1.0/package /Users/alexlawrence/.npm/f5a2b387-pm-feature-toggles-1-1-0-package.lock
55 silly lockFile f5a2b387-pm-feature-toggles-1-1-0-package /Users/alexlawrence/.npm/feature-toggles/1.1.0/package
56 silly lockFile f5a2b387-pm-feature-toggles-1-1-0-package /Users/alexlawrence/.npm/feature-toggles/1.1.0/package
57 verbose tar unpack /Users/alexlawrence/.npm/feature-toggles/1.1.0/package.tgz
58 silly lockFile f5a2b387-pm-feature-toggles-1-1-0-package /Users/alexlawrence/.npm/feature-toggles/1.1.0/package
59 verbose lock /Users/alexlawrence/.npm/feature-toggles/1.1.0/package /Users/alexlawrence/.npm/f5a2b387-pm-feature-toggles-1-1-0-package.lock
60 silly lockFile c9792b74-eature-toggles-1-1-0-package-tgz /Users/alexlawrence/.npm/feature-toggles/1.1.0/package.tgz
61 verbose lock /Users/alexlawrence/.npm/feature-toggles/1.1.0/package.tgz /Users/alexlawrence/.npm/c9792b74-eature-toggles-1-1-0-package-tgz.lock
62 silly gunzTarPerm modes [ '755', '644' ]
63 silly gunzTarPerm extractEntry package.json
64 silly gunzTarPerm extractEntry .npmignore
65 silly gunzTarPerm extractEntry README.md
66 silly gunzTarPerm extractEntry Gruntfile.js
67 silly gunzTarPerm extractEntry index.js
68 silly gunzTarPerm extractEntry index.spec.js
69 verbose read json /Users/alexlawrence/.npm/feature-toggles/1.1.0/package/package.json
70 silly lockFile f5a2b387-pm-feature-toggles-1-1-0-package /Users/alexlawrence/.npm/feature-toggles/1.1.0/package
71 silly lockFile f5a2b387-pm-feature-toggles-1-1-0-package /Users/alexlawrence/.npm/feature-toggles/1.1.0/package
72 silly lockFile c9792b74-eature-toggles-1-1-0-package-tgz /Users/alexlawrence/.npm/feature-toggles/1.1.0/package.tgz
73 silly lockFile c9792b74-eature-toggles-1-1-0-package-tgz /Users/alexlawrence/.npm/feature-toggles/1.1.0/package.tgz
74 verbose from cache /Users/alexlawrence/.npm/feature-toggles/1.1.0/package/package.json
75 verbose chmod /Users/alexlawrence/.npm/feature-toggles/1.1.0/package.tgz 644
76 verbose chown /Users/alexlawrence/.npm/feature-toggles/1.1.0/package.tgz [ 501, 20 ]
77 silly lockFile 3a52ce78- .
78 silly publish { name: 'feature-toggles',
78 silly publish   version: '1.1.0',
78 silly publish   description: 'Feature Toggles for Node.js',
78 silly publish   main: 'index.js',
78 silly publish   repository:
78 silly publish    { type: 'git',
78 silly publish      url: 'https://github.com/alexlawrence/feature-toggles.git' },
78 silly publish   author: { name: 'Alex Lawrence' },
78 silly publish   license: 'MIT',
78 silly publish   devDependencies: { grunt: '0.4.1', 'jasmine-node': '1.7.0' },
78 silly publish   readme: '# feature-toggles\n\nSimple implementation of\n[feature toggles](http://martinfowler.com/bliki/FeatureToggle.html)\nfor Node.js (also called feature flipping).\n\n### Features\n\nThis module offers one additional feature over using a simple plain JavaScript object:\ncomputed feature toggle values in form of functions.\n\n### Simple toggle values\n\nExample for using plain values:\n\n```javascript\n// define toggles\nvar toggles = {foo: true, bar: false};\n\n// load them into the module\nvar featureToggles = require(\'feature-toggles\');\nfeatureToggles.load(toggles);\n\n// check if a feature is enabled\nif (featureToggles.isFeatureEnabled(\'foo\')) {\n    // do something\n}\n```\n\n### Computed toggle values\n\nFor computed values provide a function for the value of a feature toggle.\nWhenever checking if the feature is enabled the provided function will be invoked.\nAll arguments passed to the `isFeatureEnabled()` call except the first one are passed on to the function.\n\nExample:\n\n```javascript\n// define a computed toggle\nvar toggles = {\n    foo: function(a, b) {\n        return (a == \'a\' && b == \'b\');\n     }\n}\n\n// load them into the module\nvar featureToggles = require(\'feature-toggles\');\nfeatureToggles.load(toggles);\n\n// check if a feature is enabled and provide additional arguments\nif (featureToggles.isFeatureEnabled(\'foo\', \'a\', \'b\') {\n    // do something\n}\n```\n\nIf the function throws an exception the `isFeatureEnabled()` call will return false to prevent runtime crashes.\n\n#### Advanced examples (pseudo code)\n\nEnabling a toggle based on an url parameter within an express app:\n\n```javascript\nvar toggles = {\n    foo: function(request) {\n        return request.param(\'enableFoo\');\n    }\n}\n\nvar featureToggles = require(\'feature-toggles\');\nfeatureToggles.load(toggles);\n\napp.get(\'/\', function(request, response) {\n    if (featureToggles.isFeatureEnabled(\'foo\', request)) {\n        // do something\n    }\n});\n```\n\nEnabling a toggle based on a certain date:\n\n```javascript\nvar toggles = {\n    foo: function() {\n        var date = new Date();\n        return date.getDate() > 15;\n    }\n}\n\nvar featureToggles = require(\'feature-toggles\');\nfeatureToggles.load(toggles);\n\nif (featureToggles.isFeatureEnabled(\'foo\')) {\n    // do something\n}\n```\n\n#### Express integration\n\nUse the middleware to easily toggle features per request.\nThis way a special version of `isFeatureEnabled()` is exposed to all views (res.locals).\nComputed toggles will automatically receive the current request and response as arguments.\n\n```javascript\nvar toggles = {\n    foo: function(request, response) {\n        return request.param(\'enableFoo\');\n    }\n}\n```\n\n```javascript\nvar application = express();\n\napplication.use(featureToggles.middleware);\n```\n\n```jade\n- if (isFeatureEnabled(\'foo\'))\n    Foo is enabled\n```\n\n### Alternative modules\n\n* https://github.com/nomiddlename/flipper\n* https://github.com/bigodines/feature-flipper-js\n',
78 silly publish   readmeFilename: 'README.md',
78 silly publish   bugs: { url: 'https://github.com/alexlawrence/feature-toggles/issues' },
78 silly publish   _id: 'feature-toggles@1.1.0',
78 silly publish   dist: { shasum: '30e76bdf3c48d9bea8e4de6bfe9bf40c6d036b41' },
78 silly publish   _from: '.' }
79 verbose url raw feature-toggles
80 verbose url resolving [ 'https://registry.npmjs.org/', './feature-toggles' ]
81 verbose url resolved https://registry.npmjs.org/feature-toggles
82 info trying registry request attempt 1 at 12:49:09
83 http PUT https://registry.npmjs.org/feature-toggles
84 http 409 https://registry.npmjs.org/feature-toggles
85 verbose url raw feature-toggles
86 verbose url resolving [ 'https://registry.npmjs.org/', './feature-toggles' ]
87 verbose url resolved https://registry.npmjs.org/feature-toggles
88 info trying registry request attempt 1 at 12:49:09
89 http GET https://registry.npmjs.org/feature-toggles
90 http 200 https://registry.npmjs.org/feature-toggles
91 error publish fail Cannot publish over existing version.
91 error publish fail Update the 'version' field in package.json and try again.
91 error publish fail
91 error publish fail If the previous version was published in error, see:
91 error publish fail     npm help unpublish
91 error publish fail
91 error publish fail To automatically increment version numbers, see:
91 error publish fail     npm help version
92 error System Darwin 13.0.0
93 error command "/usr/local/Cellar/node/0.10.7/bin/node" "/usr/local/bin/npm" "publish"
94 error cwd /Users/alexlawrence/Public/projects/feature-toggles
95 error node -v v0.10.7
96 error npm -v 1.2.21
97 error code EPUBLISHCONFLICT
98 verbose exit [ 1, true ]
